<?xml version="1.0" encoding="UTF-8"?>
<!-- Generated by org.testng.reporters.JUnitXMLReporter -->
<testsuite ignored="0" hostname="User" failures="0" tests="5" name="IntegrationTest" time="43.588" errors="0" timestamp="2021-05-01T11:23:52 EDT">
  <testcase classname="test.HomePageLinkTest" name="registerLinkTest" time="1.265"/>
  <testcase classname="test.RegistrationFunctionalityTest" name="positiveRegistrationFunctionalityTest" time="2.422"/>
  <testcase classname="test.RegistrationFunctionalityTest" name="positiveRegistrationFunctionalityTest" time="2.422"/>
  <testcase classname="test.LoginFunctionalityTest" name="positiveLoginTest" time="1.437"/>
  <testcase classname="test.LoginFunctionalityTest" name="positiveLoginTest" time="1.621"/>
</testsuite> <!-- IntegrationTest -->
