<?xml version="1.0" encoding="UTF-8"?>
<testng-results ignored="0" total="5" passed="5" failed="0" skipped="0">
  <reporter-output>
  </reporter-output>
  <suite started-at="2021-05-01T11:23:09 EDT" name="MiniRegressionSuite" finished-at="2021-05-01T11:23:52 EDT" duration-ms="43588">
    <groups>
    </groups>
    <test started-at="2021-05-01T11:23:09 EDT" name="IntegrationTest" finished-at="2021-05-01T11:23:52 EDT" duration-ms="43588">
      <class name="test.HomePageLinkTest">
        <test-method is-config="true" signature="loadUrl()[pri:0, instance:test.HomePageLinkTest@4278a03f]" started-at="2021-05-01T11:23:09 EDT" name="loadUrl" finished-at="2021-05-01T11:23:17 EDT" duration-ms="8507" status="PASS">
          <reporter-output>
          </reporter-output>
        </test-method> <!-- loadUrl -->
        <test-method signature="registerLinkTest()[pri:0, instance:test.HomePageLinkTest@4278a03f]" started-at="2021-05-01T11:23:17 EDT" name="registerLinkTest" finished-at="2021-05-01T11:23:18 EDT" duration-ms="1265" status="PASS">
          <reporter-output>
          </reporter-output>
        </test-method> <!-- registerLinkTest -->
        <test-method is-config="true" signature="closeBrowser()[pri:0, instance:test.HomePageLinkTest@4278a03f]" started-at="2021-05-01T11:23:18 EDT" name="closeBrowser" finished-at="2021-05-01T11:23:20 EDT" duration-ms="1046" status="PASS">
          <reporter-output>
          </reporter-output>
        </test-method> <!-- closeBrowser -->
      </class> <!-- test.HomePageLinkTest -->
      <class name="test.LoginFunctionalityTest">
        <test-method is-config="true" signature="loadUrl()[pri:0, instance:test.LoginFunctionalityTest@61dd025]" started-at="2021-05-01T11:23:38 EDT" name="loadUrl" finished-at="2021-05-01T11:23:43 EDT" duration-ms="5350" status="PASS">
          <reporter-output>
          </reporter-output>
        </test-method> <!-- loadUrl -->
        <test-method signature="positiveLoginTest(java.lang.String, java.lang.String)[pri:0, instance:test.LoginFunctionalityTest@61dd025]" started-at="2021-05-01T11:23:43 EDT" name="positiveLoginTest" data-provider="Positive login test data" finished-at="2021-05-01T11:23:45 EDT" duration-ms="1437" status="PASS">
          <params>
            <param index="0">
              <value>
                <![CDATA[test123]]>
              </value>
            </param>
            <param index="1">
              <value>
                <![CDATA[123]]>
              </value>
            </param>
          </params>
          <reporter-output>
          </reporter-output>
        </test-method> <!-- positiveLoginTest -->
        <test-method is-config="true" signature="closeBrowser()[pri:0, instance:test.LoginFunctionalityTest@61dd025]" started-at="2021-05-01T11:23:45 EDT" name="closeBrowser" finished-at="2021-05-01T11:23:45 EDT" duration-ms="789" status="PASS">
          <reporter-output>
          </reporter-output>
        </test-method> <!-- closeBrowser -->
        <test-method is-config="true" signature="loadUrl()[pri:0, instance:test.LoginFunctionalityTest@61dd025]" started-at="2021-05-01T11:23:45 EDT" name="loadUrl" finished-at="2021-05-01T11:23:50 EDT" duration-ms="4770" status="PASS">
          <reporter-output>
          </reporter-output>
        </test-method> <!-- loadUrl -->
        <test-method signature="positiveLoginTest(java.lang.String, java.lang.String)[pri:0, instance:test.LoginFunctionalityTest@61dd025]" started-at="2021-05-01T11:23:50 EDT" name="positiveLoginTest" data-provider="Positive login test data" finished-at="2021-05-01T11:23:52 EDT" duration-ms="1621" status="PASS">
          <params>
            <param index="0">
              <value>
                <![CDATA[test]]>
              </value>
            </param>
            <param index="1">
              <value>
                <![CDATA[123]]>
              </value>
            </param>
          </params>
          <reporter-output>
          </reporter-output>
        </test-method> <!-- positiveLoginTest -->
        <test-method is-config="true" signature="closeBrowser()[pri:0, instance:test.LoginFunctionalityTest@61dd025]" started-at="2021-05-01T11:23:52 EDT" name="closeBrowser" finished-at="2021-05-01T11:23:52 EDT" duration-ms="528" status="PASS">
          <reporter-output>
          </reporter-output>
        </test-method> <!-- closeBrowser -->
      </class> <!-- test.LoginFunctionalityTest -->
      <class name="test.RegistrationFunctionalityTest">
        <test-method is-config="true" signature="loadUrl()[pri:0, instance:test.RegistrationFunctionalityTest@147ed70f]" started-at="2021-05-01T11:23:20 EDT" name="loadUrl" finished-at="2021-05-01T11:23:26 EDT" duration-ms="6122" status="PASS">
          <reporter-output>
          </reporter-output>
        </test-method> <!-- loadUrl -->
        <test-method signature="positiveRegistrationFunctionalityTest(java.lang.String, java.lang.String, java.lang.String, java.lang.String, java.lang.String, java.lang.String)[pri:0, instance:test.RegistrationFunctionalityTest@147ed70f]" started-at="2021-05-01T11:23:26 EDT" name="positiveRegistrationFunctionalityTest" data-provider="Postive Registration test data" finished-at="2021-05-01T11:23:28 EDT" duration-ms="2422" status="PASS">
          <params>
            <param index="0">
              <value>
                <![CDATA[David]]>
              </value>
            </param>
            <param index="1">
              <value>
                <![CDATA[A.]]>
              </value>
            </param>
            <param index="2">
              <value>
                <![CDATA[123456789]]>
              </value>
            </param>
            <param index="3">
              <value>
                <![CDATA[david@gmail.com]]>
              </value>
            </param>
            <param index="4">
              <value>
                <![CDATA[david12]]>
              </value>
            </param>
            <param index="5">
              <value>
                <![CDATA[1234]]>
              </value>
            </param>
          </params>
          <reporter-output>
          </reporter-output>
        </test-method> <!-- positiveRegistrationFunctionalityTest -->
        <test-method is-config="true" signature="closeBrowser()[pri:0, instance:test.RegistrationFunctionalityTest@147ed70f]" started-at="2021-05-01T11:23:28 EDT" name="closeBrowser" finished-at="2021-05-01T11:23:29 EDT" duration-ms="735" status="PASS">
          <reporter-output>
          </reporter-output>
        </test-method> <!-- closeBrowser -->
        <test-method is-config="true" signature="loadUrl()[pri:0, instance:test.RegistrationFunctionalityTest@147ed70f]" started-at="2021-05-01T11:23:29 EDT" name="loadUrl" finished-at="2021-05-01T11:23:34 EDT" duration-ms="5589" status="PASS">
          <reporter-output>
          </reporter-output>
        </test-method> <!-- loadUrl -->
        <test-method signature="positiveRegistrationFunctionalityTest(java.lang.String, java.lang.String, java.lang.String, java.lang.String, java.lang.String, java.lang.String)[pri:0, instance:test.RegistrationFunctionalityTest@147ed70f]" started-at="2021-05-01T11:23:34 EDT" name="positiveRegistrationFunctionalityTest" data-provider="Postive Registration test data" finished-at="2021-05-01T11:23:37 EDT" duration-ms="2422" status="PASS">
          <params>
            <param index="0">
              <value>
                <![CDATA[John]]>
              </value>
            </param>
            <param index="1">
              <value>
                <![CDATA[B.]]>
              </value>
            </param>
            <param index="2">
              <value>
                <![CDATA[123456789]]>
              </value>
            </param>
            <param index="3">
              <value>
                <![CDATA[john@gmail.com]]>
              </value>
            </param>
            <param index="4">
              <value>
                <![CDATA[john12]]>
              </value>
            </param>
            <param index="5">
              <value>
                <![CDATA[1234]]>
              </value>
            </param>
          </params>
          <reporter-output>
          </reporter-output>
        </test-method> <!-- positiveRegistrationFunctionalityTest -->
        <test-method is-config="true" signature="closeBrowser()[pri:0, instance:test.RegistrationFunctionalityTest@147ed70f]" started-at="2021-05-01T11:23:37 EDT" name="closeBrowser" finished-at="2021-05-01T11:23:38 EDT" duration-ms="867" status="PASS">
          <reporter-output>
          </reporter-output>
        </test-method> <!-- closeBrowser -->
      </class> <!-- test.RegistrationFunctionalityTest -->
    </test> <!-- IntegrationTest -->
  </suite> <!-- MiniRegressionSuite -->
</testng-results>
